\BOOKMARK [1][-]{section.1}{Introduction}{}% 1
\BOOKMARK [2][-]{subsection.1.1}{Problems with Visual Inspection}{section.1}% 2
\BOOKMARK [2][-]{subsection.1.2}{Previous CT Registration Work}{section.1}% 3
\BOOKMARK [2][-]{subsection.1.3}{Hypothesis}{section.1}% 4
\BOOKMARK [1][-]{section.2}{Methods}{}% 5
\BOOKMARK [2][-]{subsection.2.1}{Subjects and Demographics}{section.2}% 6
\BOOKMARK [2][-]{subsection.2.2}{Imaging Data}{section.2}% 7
\BOOKMARK [2][-]{subsection.2.3}{Hemorrhage Segmentation and Location Identification}{section.2}% 8
\BOOKMARK [2][-]{subsection.2.4}{Image Registration}{section.2}% 9
\BOOKMARK [2][-]{subsection.2.5}{Histograms of ICH in the Brain}{section.2}% 10
\BOOKMARK [2][-]{subsection.2.6}{Prediction of Severity Score Based on Hemorrhage Location}{section.2}% 11
\BOOKMARK [3][-]{subsubsection.2.6.1}{Highest Predictive Region Generation and Analysis}{subsection.2.6}% 12
\BOOKMARK [2][-]{subsection.2.7}{ICH Localization and Engagement}{section.2}% 13
\BOOKMARK [1][-]{section.3}{Results}{}% 14
\BOOKMARK [2][-]{subsection.3.1}{Prevalence of ICH Engagement in the Brain}{section.3}% 15
\BOOKMARK [2][-]{subsection.3.2}{Prediction of Functional Score Based on Hemorrhage Location}{section.3}% 16
\BOOKMARK [3][-]{subsubsection.3.2.1}{Highest Predictive Region Analysis}{subsection.3.2}% 17
\BOOKMARK [3][-]{subsubsection.3.2.2}{ICH Localization and Engagement}{subsection.3.2}% 18
\BOOKMARK [1][-]{section.4}{Discussion}{}% 19
\BOOKMARK [2][-]{subsection.4.1}{Semi-Automated Localization of ICH}{section.4}% 20
\BOOKMARK [2][-]{subsection.4.2}{Voxel-wise Analysis of Severity Scores}{section.4}% 21
\BOOKMARK [2][-]{subsection.4.3}{Estimation of ICH Engagement with Neuroanatomic Regions}{section.4}% 22
\BOOKMARK [2][-]{subsection.4.4}{Highest Predictive Region Analysis}{section.4}% 23
\BOOKMARK [2][-]{subsection.4.5}{Summary}{section.4}% 24
\BOOKMARK [2][-]{subsection.4.6}{Limitations}{section.4}% 25
\BOOKMARK [1][-]{section.5}{Sources of Funding}{}% 26
\BOOKMARK [1][-]{section.6}{Disclosures}{}% 27
\BOOKMARK [1][-]{section.7}{Figure Legends}{}% 28
\BOOKMARK [1][-]{section.8}{Tables}{}% 29
\BOOKMARK [1][-]{section.9}{Figures}{}% 30
\BOOKMARK [1][-]{section.10}{Supplemental Material}{}% 31
\BOOKMARK [2][-]{subsection.10.1}{Supplemental Methods}{section.10}% 32
\BOOKMARK [3][-]{subsubsection.10.1.1}{Image Processing: Brain Extraction, Reorientation, Registration}{subsection.10.1}% 33
\BOOKMARK [3][-]{subsubsection.10.1.2}{Calculating Region Engagement from the Eve Atlas}{subsection.10.1}% 34
\BOOKMARK [3][-]{subsubsection.10.1.3}{Image Registration}{subsection.10.1}% 35
\BOOKMARK [2][-]{subsection.10.2}{Supplemental Tables}{section.10}% 36
\BOOKMARK [2][-]{subsection.10.3}{Supplemental Figures and Figure Legends}{section.10}% 37
