This is pdfTeX, Version 3.1415926-2.5-1.40.14 (TeX Live 2013) (format=pdflatex 2014.4.15)  1 JUL 2014 15:57
entering extended mode
 restricted \write18 enabled.
 %&-line parsing enabled.
**CT_Pipeline_Template.tex
(./CT_Pipeline_Template.tex
LaTeX2e <2011/06/27>
Babel <3.9k> and hyphenation patterns for 78 languages loaded.
(/usr/local/texlive/2013/texmf-dist/tex/latex/base/article.cls
Document Class: article 2007/10/19 v1.4h Standard LaTeX document class
(/usr/local/texlive/2013/texmf-dist/tex/latex/base/size10.clo
File: size10.clo 2007/10/19 v1.4h Standard LaTeX file (size option)
)
\c@part=\count79
\c@section=\count80
\c@subsection=\count81
\c@subsubsection=\count82
\c@paragraph=\count83
\c@subparagraph=\count84
\c@figure=\count85
\c@table=\count86
\abovecaptionskip=\skip41
\belowcaptionskip=\skip42
\bibindent=\dimen102
)
(/usr/local/texlive/2013/texmf-dist/tex/latex/graphics/graphicx.sty
Package: graphicx 1999/02/16 v1.0f Enhanced LaTeX Graphics (DPC,SPQR)

(/usr/local/texlive/2013/texmf-dist/tex/latex/graphics/keyval.sty
Package: keyval 1999/03/16 v1.13 key=value parser (DPC)
\KV@toks@=\toks14
)
(/usr/local/texlive/2013/texmf-dist/tex/latex/graphics/graphics.sty
Package: graphics 2009/02/05 v1.0o Standard LaTeX Graphics (DPC,SPQR)

(/usr/local/texlive/2013/texmf-dist/tex/latex/graphics/trig.sty
Package: trig 1999/03/16 v1.09 sin cos tan (DPC)
)
(/usr/local/texlive/2013/texmf-dist/tex/latex/latexconfig/graphics.cfg
File: graphics.cfg 2010/04/23 v1.9 graphics configuration of TeX Live
)
Package graphics Info: Driver file: pdftex.def on input line 91.

(/usr/local/texlive/2013/texmf-dist/tex/latex/pdftex-def/pdftex.def
File: pdftex.def 2011/05/27 v0.06d Graphics/color for pdfTeX

(/usr/local/texlive/2013/texmf-dist/tex/generic/oberdiek/infwarerr.sty
Package: infwarerr 2010/04/08 v1.3 Providing info/warning/error messages (HO)
)
(/usr/local/texlive/2013/texmf-dist/tex/generic/oberdiek/ltxcmds.sty
Package: ltxcmds 2011/11/09 v1.22 LaTeX kernel commands for general use (HO)
)
\Gread@gobject=\count87
))
\Gin@req@height=\dimen103
\Gin@req@width=\dimen104
)
(/usr/local/texlive/2013/texmf-dist/tex/latex/graphics/color.sty
Package: color 2005/11/14 v1.0j Standard LaTeX Color (DPC)

(/usr/local/texlive/2013/texmf-dist/tex/latex/latexconfig/color.cfg
File: color.cfg 2007/01/18 v1.5 color configuration of teTeX/TeXLive
)
Package color Info: Driver file: pdftex.def on input line 130.
)
(/usr/local/texlive/2013/texmf-dist/tex/latex/framed/framed.sty
Package: framed 2011/10/22 v 0.96: framed or shaded text with page breaks
\OuterFrameSep=\skip43
\fb@frw=\dimen105
\fb@frh=\dimen106
\FrameRule=\dimen107
\FrameSep=\dimen108
)
(/usr/local/texlive/2013/texmf-dist/tex/latex/base/alltt.sty
Package: alltt 1997/06/16 v2.0g defines alltt environment
)
(/usr/local/texlive/2013/texmf-dist/tex/latex/amsmath/amsmath.sty
Package: amsmath 2013/01/14 v2.14 AMS math features
\@mathmargin=\skip44

For additional information on amsmath, use the `?' option.
(/usr/local/texlive/2013/texmf-dist/tex/latex/amsmath/amstext.sty
Package: amstext 2000/06/29 v2.01

(/usr/local/texlive/2013/texmf-dist/tex/latex/amsmath/amsgen.sty
File: amsgen.sty 1999/11/30 v2.0
\@emptytoks=\toks15
\ex@=\dimen109
))
(/usr/local/texlive/2013/texmf-dist/tex/latex/amsmath/amsbsy.sty
Package: amsbsy 1999/11/29 v1.2d
\pmbraise@=\dimen110
)
(/usr/local/texlive/2013/texmf-dist/tex/latex/amsmath/amsopn.sty
Package: amsopn 1999/12/14 v2.01 operator names
)
\inf@bad=\count88
LaTeX Info: Redefining \frac on input line 210.
\uproot@=\count89
\leftroot@=\count90
LaTeX Info: Redefining \overline on input line 306.
\classnum@=\count91
\DOTSCASE@=\count92
LaTeX Info: Redefining \ldots on input line 378.
LaTeX Info: Redefining \dots on input line 381.
LaTeX Info: Redefining \cdots on input line 466.
\Mathstrutbox@=\box26
\strutbox@=\box27
\big@size=\dimen111
LaTeX Font Info:    Redeclaring font encoding OML on input line 566.
LaTeX Font Info:    Redeclaring font encoding OMS on input line 567.
\macc@depth=\count93
\c@MaxMatrixCols=\count94
\dotsspace@=\muskip10
\c@parentequation=\count95
\dspbrk@lvl=\count96
\tag@help=\toks16
\row@=\count97
\column@=\count98
\maxfields@=\count99
\andhelp@=\toks17
\eqnshift@=\dimen112
\alignsep@=\dimen113
\tagshift@=\dimen114
\tagwidth@=\dimen115
\totwidth@=\dimen116
\lineht@=\dimen117
\@envbody=\toks18
\multlinegap=\skip45
\multlinetaggap=\skip46
\mathdisplay@stack=\toks19
LaTeX Info: Redefining \[ on input line 2665.
LaTeX Info: Redefining \] on input line 2666.
)
(/usr/local/texlive/2013/texmf-dist/tex/latex/amsfonts/amssymb.sty
Package: amssymb 2013/01/14 v3.01 AMS font symbols

(/usr/local/texlive/2013/texmf-dist/tex/latex/amsfonts/amsfonts.sty
Package: amsfonts 2013/01/14 v3.01 Basic AMSFonts support
\symAMSa=\mathgroup4
\symAMSb=\mathgroup5
LaTeX Font Info:    Overwriting math alphabet `\mathfrak' in version `bold'
(Font)                  U/euf/m/n --> U/euf/b/n on input line 106.
))
(/usr/local/texlive/2013/texmf-dist/tex/latex/tools/enumerate.sty
Package: enumerate 1999/03/05 v3.00 enumerate extensions (DPC)
\@enLab=\toks20
)
(/usr/local/texlive/2013/texmf-dist/tex/latex/float/float.sty
Package: float 2001/11/08 v1.3d Float enhancements (AL)
\c@float@type=\count100
\float@exts=\toks21
\float@box=\box28
\@float@everytoks=\toks22
\@floatcapt=\box29
)
(/usr/local/texlive/2013/texmf-dist/tex/generic/ifxetex/ifxetex.sty
Package: ifxetex 2010/09/12 v0.6 Provides ifxetex conditional
)
(/usr/local/texlive/2013/texmf-dist/tex/latex/biblatex/biblatex.sty
Package: biblatex 2013/11/25 v2.8a programmable bibliographies (PK/JW/AB)

(/usr/local/texlive/2013/texmf-dist/tex/latex/biblatex/biblatex1.sty
Package: biblatex1 2013/11/25 v2.8a programmable bibliographies (bibtex) (PK/JW
/AB)

(/usr/local/texlive/2013/texmf-dist/tex/latex/etoolbox/etoolbox.sty
Package: etoolbox 2011/01/03 v2.1 e-TeX tools for LaTeX

(/usr/local/texlive/2013/texmf-dist/tex/latex/etex-pkg/etex.sty
Package: etex 1998/03/26 v2.0 eTeX basic definition package (PEB)
\et@xins=\count101
)
\etb@tempcnta=\count102
)
(/usr/local/texlive/2013/texmf-dist/tex/latex/logreq/logreq.sty
Package: logreq 2010/08/04 v1.0 xml request logger
\lrq@indent=\count103

(/usr/local/texlive/2013/texmf-dist/tex/latex/logreq/logreq.def
File: logreq.def 2010/08/04 v1.0 logreq spec v1.0
))
(/usr/local/texlive/2013/texmf-dist/tex/latex/base/ifthen.sty
Package: ifthen 2001/05/26 v1.1c Standard LaTeX ifthen package (DPC)
)
(/usr/local/texlive/2013/texmf-dist/tex/latex/url/url.sty
\Urlmuskip=\muskip11
Package: url 2013/09/16  ver 3.4  Verb mode for urls, etc.
)
\c@tabx@nest=\count104
\c@listtotal=\count105
\c@listcount=\count106
\c@liststart=\count107
\c@liststop=\count108
\c@citecount=\count109
\c@citetotal=\count110
\c@multicitecount=\count111
\c@multicitetotal=\count112
\c@instcount=\count113
\c@maxnames=\count114
\c@minnames=\count115
\c@maxitems=\count116
\c@minitems=\count117
\c@citecounter=\count118
\c@savedcitecounter=\count119
\c@uniquelist=\count120
\c@uniquename=\count121
\c@refsection=\count122
\c@refsegment=\count123
\c@maxextrayear=\count124
\c@maxextraalpha=\count125
\c@abbrvpenalty=\count126
\c@highnamepenalty=\count127
\c@lownamepenalty=\count128
\c@maxparens=\count129
\c@parenlevel=\count130
\blx@tempcnta=\count131
\blx@tempcntb=\count132
\blx@tempcntc=\count133
\blx@maxsection=\count134
\blx@maxsegment=\count135
\blx@notetype=\count136
\blx@parenlevel@text=\count137
\blx@parenlevel@foot=\count138
\labelnumberwidth=\skip47
\labelalphawidth=\skip48
\shorthandwidth=\skip49
\biblabelsep=\skip50
\bibitemsep=\skip51
\bibnamesep=\skip52
\bibinitsep=\skip53
\bibparsep=\skip54
\bibhang=\skip55
\blx@auxin=\read1
\blx@auxout=\write3
\c@mincomprange=\count139
\c@maxcomprange=\count140
\c@mincompwidth=\count141
\c@labelname=\count142
\c@savedlabelname=\count143
\c@author=\count144
\c@savedauthor=\count145
\c@shortauthor=\count146
\c@savedshortauthor=\count147
\c@editor=\count148
\c@savededitor=\count149
\c@editora=\count150
\c@savededitora=\count151
\c@editorb=\count152
\c@savededitorb=\count153
\c@editorc=\count154
\c@savededitorc=\count155
\c@shorteditor=\count156
\c@savedshorteditor=\count157
\c@bookauthor=\count158
\c@savedbookauthor=\count159
\c@translator=\count160
\c@savedtranslator=\count161
\c@annotator=\count162
\c@savedannotator=\count163
\c@commentator=\count164
\c@savedcommentator=\count165
\c@introduction=\count166
\c@savedintroduction=\count167
\c@foreword=\count168
\c@savedforeword=\count169
\c@afterword=\count170
\c@savedafterword=\count171
\c@holder=\count172
\c@savedholder=\count173
\c@namea=\count174
\c@savednamea=\count175
\c@nameb=\count176
\c@savednameb=\count177
\c@namec=\count178
\c@savednamec=\count179
\c@institution=\count180
\c@savedinstitution=\count181
\c@language=\count182
\c@savedlanguage=\count183
\c@location=\count184
\c@savedlocation=\count185
\c@organization=\count186
\c@savedorganization=\count187
\c@origlocation=\count188
\c@savedoriglocation=\count189
\c@origpublisher=\count190
\c@savedorigpublisher=\count191
\c@pageref=\count192
\c@savedpageref=\count193
\c@publisher=\count194
\c@savedpublisher=\count195
\c@lista=\count196
\c@savedlista=\count197
\c@listb=\count198
\c@savedlistb=\count199
\c@listc=\count200
\c@savedlistc=\count201
\c@listd=\count202
\c@savedlistd=\count203
\c@liste=\count204
\c@savedliste=\count205
\c@listf=\count206
\c@savedlistf=\count207
Package biblatex Info: Trying to load compatibility code...
Package biblatex Info: ... file 'blx-compat.def' found.

(/usr/local/texlive/2013/texmf-dist/tex/latex/biblatex/blx-compat.def
File: blx-compat.def 2013/11/25 v2.8a biblatex compatibility (PK/JW/AB)
)
Package biblatex Info: Trying to load generic definitions...
Package biblatex Info: ... file 'biblatex.def' found.

(/usr/local/texlive/2013/texmf-dist/tex/latex/biblatex/biblatex.def
File: biblatex.def 
\c@textcitecount=\count208
\c@textcitetotal=\count209
\c@textcitemaxnames=\count210
\c@biburlnumpenalty=\count211
\c@biburlucpenalty=\count212
\c@biburllcpenalty=\count213
\c@smartand=\count214
)
Package biblatex Info: Trying to load natbib compatibility...
Package biblatex Info: ... file 'blx-natbib.def' found.

(/usr/local/texlive/2013/texmf-dist/tex/latex/biblatex/blx-natbib.def
File: blx-natbib.def 2013/11/25 v2.8a biblatex compatibility (PK/JW/AB)
)
Package biblatex Info: Trying to load bibliography style 'numeric'...
Package biblatex Info: ... file 'numeric.bbx' found.

(/usr/local/texlive/2013/texmf-dist/tex/latex/biblatex/bbx/numeric.bbx
File: numeric.bbx 2013/11/25 v2.8a biblatex bibliography style (PK/JW/AB)
Package biblatex Info: Trying to load bibliography style 'standard'...
Package biblatex Info: ... file 'standard.bbx' found.

(/usr/local/texlive/2013/texmf-dist/tex/latex/biblatex/bbx/standard.bbx
File: standard.bbx 2013/11/25 v2.8a biblatex bibliography style (PK/JW/AB)
\c@bbx:relatedcount=\count215
\c@bbx:relatedtotal=\count216
))
Package biblatex Info: Trying to load citation style 'numeric'...
Package biblatex Info: ... file 'numeric.cbx' found.

(/usr/local/texlive/2013/texmf-dist/tex/latex/biblatex/cbx/numeric.cbx
File: numeric.cbx 2013/11/25 v2.8a biblatex citation style (PK/JW/AB)
Package biblatex Info: Redefining '\cite'.
Package biblatex Info: Redefining '\parencite'.
Package biblatex Info: Redefining '\footcite'.
Package biblatex Info: Redefining '\footcitetext'.
Package biblatex Info: Redefining '\smartcite'.
Package biblatex Info: Redefining '\supercite'.
Package biblatex Info: Redefining '\textcite'.
Package biblatex Info: Redefining '\textcites'.
Package biblatex Info: Redefining '\cites'.
Package biblatex Info: Redefining '\parencites'.
Package biblatex Info: Redefining '\smartcites'.
)
Package biblatex Info: Trying to load configuration file...
Package biblatex Info: ... file 'biblatex.cfg' found.

(/usr/local/texlive/2013/texmf-dist/tex/latex/biblatex/biblatex.cfg
File: biblatex.cfg 
)))
(/usr/local/texlive/2013/texmf-dist/tex/latex/caption/caption.sty
Package: caption 2013/05/02 v3.3-89 Customizing captions (AR)

(/usr/local/texlive/2013/texmf-dist/tex/latex/caption/caption3.sty
Package: caption3 2013/05/02 v1.6-88 caption3 kernel (AR)
Package caption3 Info: TeX engine: e-TeX on input line 57.
\captionmargin=\dimen118
\captionmargin@=\dimen119
\captionwidth=\dimen120
\caption@tempdima=\dimen121
\caption@indent=\dimen122
\caption@parindent=\dimen123
\caption@hangindent=\dimen124
)
\c@ContinuedFloat=\count217
Package caption Info: float package is loaded.
)
(/usr/local/texlive/2013/texmf-dist/tex/latex/subfig/subfig.sty
Package: subfig 2005/06/28 ver: 1.3 subfig package
\c@KVtest=\count218
\sf@farskip=\skip56
\sf@captopadj=\dimen125
\sf@capskip=\skip57
\sf@nearskip=\skip58
\c@subfigure=\count219
\c@subfigure@save=\count220
\c@lofdepth=\count221
\c@subtable=\count222
\c@subtable@save=\count223
\c@lotdepth=\count224
\sf@top=\skip59
\sf@bottom=\skip60
)
(/usr/local/texlive/2013/texmf-dist/tex/latex/hyperref/hyperref.sty
Package: hyperref 2012/11/06 v6.83m Hypertext links for LaTeX

(/usr/local/texlive/2013/texmf-dist/tex/generic/oberdiek/hobsub-hyperref.sty
Package: hobsub-hyperref 2012/05/28 v1.13 Bundle oberdiek, subset hyperref (HO)


(/usr/local/texlive/2013/texmf-dist/tex/generic/oberdiek/hobsub-generic.sty
Package: hobsub-generic 2012/05/28 v1.13 Bundle oberdiek, subset generic (HO)
Package: hobsub 2012/05/28 v1.13 Construct package bundles (HO)
Package hobsub Info: Skipping package `infwarerr' (already loaded).
Package hobsub Info: Skipping package `ltxcmds' (already loaded).
Package: ifluatex 2010/03/01 v1.3 Provides the ifluatex switch (HO)
Package ifluatex Info: LuaTeX not detected.
Package: ifvtex 2010/03/01 v1.5 Detect VTeX and its facilities (HO)
Package ifvtex Info: VTeX not detected.
Package: intcalc 2007/09/27 v1.1 Expandable calculations with integers (HO)
Package: ifpdf 2011/01/30 v2.3 Provides the ifpdf switch (HO)
Package ifpdf Info: pdfTeX in PDF mode is detected.
Package: etexcmds 2011/02/16 v1.5 Avoid name clashes with e-TeX commands (HO)
Package etexcmds Info: Could not find \expanded.
(etexcmds)             That can mean that you are not using pdfTeX 1.50 or
(etexcmds)             that some package has redefined \expanded.
(etexcmds)             In the latter case, load this package earlier.
Package: kvsetkeys 2012/04/25 v1.16 Key value parser (HO)
Package: kvdefinekeys 2011/04/07 v1.3 Define keys (HO)
Package: pdftexcmds 2011/11/29 v0.20 Utility functions of pdfTeX for LuaTeX (HO
)
Package pdftexcmds Info: LuaTeX not detected.
Package pdftexcmds Info: \pdf@primitive is available.
Package pdftexcmds Info: \pdf@ifprimitive is available.
Package pdftexcmds Info: \pdfdraftmode found.
Package: pdfescape 2011/11/25 v1.13 Implements pdfTeX's escape features (HO)
Package: bigintcalc 2012/04/08 v1.3 Expandable calculations on big integers (HO
)
Package: bitset 2011/01/30 v1.1 Handle bit-vector datatype (HO)
Package: uniquecounter 2011/01/30 v1.2 Provide unlimited unique counter (HO)
)
Package hobsub Info: Skipping package `hobsub' (already loaded).
Package: letltxmacro 2010/09/02 v1.4 Let assignment for LaTeX macros (HO)
Package: hopatch 2012/05/28 v1.2 Wrapper for package hooks (HO)
Package: xcolor-patch 2011/01/30 xcolor patch
Package: atveryend 2011/06/30 v1.8 Hooks at the very end of document (HO)
Package: atbegshi 2011/10/05 v1.16 At begin shipout hook (HO)
Package: refcount 2011/10/16 v3.4 Data extraction from label references (HO)
Package: hycolor 2011/01/30 v1.7 Color options for hyperref/bookmark (HO)
)
(/usr/local/texlive/2013/texmf-dist/tex/latex/oberdiek/auxhook.sty
Package: auxhook 2011/03/04 v1.3 Hooks for auxiliary files (HO)
)
(/usr/local/texlive/2013/texmf-dist/tex/latex/oberdiek/kvoptions.sty
Package: kvoptions 2011/06/30 v3.11 Key value format for package options (HO)
)
\@linkdim=\dimen126
\Hy@linkcounter=\count225
\Hy@pagecounter=\count226

(/usr/local/texlive/2013/texmf-dist/tex/latex/hyperref/pd1enc.def
File: pd1enc.def 2012/11/06 v6.83m Hyperref: PDFDocEncoding definition (HO)
)
\Hy@SavedSpaceFactor=\count227

(/usr/local/texlive/2013/texmf-dist/tex/latex/latexconfig/hyperref.cfg
File: hyperref.cfg 2002/06/06 v1.2 hyperref configuration of TeXLive
)
Package hyperref Info: Hyper figures OFF on input line 4443.
Package hyperref Info: Link nesting OFF on input line 4448.
Package hyperref Info: Hyper index ON on input line 4451.
Package hyperref Info: Plain pages OFF on input line 4458.
Package hyperref Info: Backreferencing OFF on input line 4463.
Package hyperref Info: Implicit mode ON; LaTeX internals redefined.
Package hyperref Info: Bookmarks ON on input line 4688.
\c@Hy@tempcnt=\count228
LaTeX Info: Redefining \url on input line 5041.
\XeTeXLinkMargin=\dimen127
\Fld@menulength=\count229
\Field@Width=\dimen128
\Fld@charsize=\dimen129
Package hyperref Info: Hyper figures OFF on input line 6295.
Package hyperref Info: Link nesting OFF on input line 6300.
Package hyperref Info: Hyper index ON on input line 6303.
Package hyperref Info: backreferencing OFF on input line 6310.
Package hyperref Info: Link coloring OFF on input line 6315.
Package hyperref Info: Link coloring with OCG OFF on input line 6320.
Package hyperref Info: PDF/A mode OFF on input line 6325.
LaTeX Info: Redefining \ref on input line 6365.
LaTeX Info: Redefining \pageref on input line 6369.
\Hy@abspage=\count230
\c@Item=\count231
\c@Hfootnote=\count232
)

Package hyperref Message: Driver (autodetected): hpdftex.

(/usr/local/texlive/2013/texmf-dist/tex/latex/hyperref/hpdftex.def
File: hpdftex.def 2012/11/06 v6.83m Hyperref driver for pdfTeX
\Fld@listcount=\count233
Normal \count register pool exhausted, switching to extended pool.
\c@bookmark@seq@number=\count277

(/usr/local/texlive/2013/texmf-dist/tex/latex/oberdiek/rerunfilecheck.sty
Package: rerunfilecheck 2011/04/15 v1.7 Rerun checks for auxiliary files (HO)
Package uniquecounter Info: New unique counter `rerunfilecheck' on input line 2
82.
)
\Hy@SectionHShift=\skip61
)
(/usr/local/texlive/2013/texmf-dist/tex/latex/upquote/upquote.sty
Package: upquote 2012/04/19 v1.3 upright-quote and grave-accent glyphs in verba
tim
)
Package biblatex Info: Trying to load language 'english'...
Package biblatex Info: ... file 'english.lbx' found.

(/usr/local/texlive/2013/texmf-dist/tex/latex/biblatex/lbx/english.lbx
File: english.lbx 2013/11/25 v2.8a biblatex localization (PK/JW/AB)
)
\@quotelevel=\count278
\@quotereset=\count279

(./CT_Pipeline_Template.aux)
\openout1 = `CT_Pipeline_Template.aux'.

LaTeX Font Info:    Checking defaults for OML/cmm/m/it on input line 112.
LaTeX Font Info:    ... okay on input line 112.
LaTeX Font Info:    Checking defaults for T1/cmr/m/n on input line 112.
LaTeX Font Info:    ... okay on input line 112.
LaTeX Font Info:    Checking defaults for OT1/cmr/m/n on input line 112.
LaTeX Font Info:    ... okay on input line 112.
LaTeX Font Info:    Checking defaults for OMS/cmsy/m/n on input line 112.
LaTeX Font Info:    ... okay on input line 112.
LaTeX Font Info:    Checking defaults for OMX/cmex/m/n on input line 112.
LaTeX Font Info:    ... okay on input line 112.
LaTeX Font Info:    Checking defaults for U/cmr/m/n on input line 112.
LaTeX Font Info:    ... okay on input line 112.
LaTeX Font Info:    Checking defaults for PD1/pdf/m/n on input line 112.
LaTeX Font Info:    ... okay on input line 112.

(/usr/local/texlive/2013/texmf-dist/tex/context/base/supp-pdf.mkii
[Loading MPS to PDF converter (version 2006.09.02).]
\scratchcounter=\count280
\scratchdimen=\dimen130
\scratchbox=\box30
\nofMPsegments=\count281
\nofMParguments=\count282
\everyMPshowfont=\toks23
\MPscratchCnt=\count283
\MPscratchDim=\dimen131
\MPnumerator=\count284
\makeMPintoPDFobject=\count285
\everyMPtoPDFconversion=\toks24
) (/usr/local/texlive/2013/texmf-dist/tex/latex/oberdiek/epstopdf-base.sty
Package: epstopdf-base 2010/02/09 v2.5 Base part for package epstopdf

(/usr/local/texlive/2013/texmf-dist/tex/latex/oberdiek/grfext.sty
Package: grfext 2010/08/19 v1.1 Manage graphics extensions (HO)
)
Package grfext Info: Graphics extension search list:
(grfext)             [.png,.pdf,.jpg,.mps,.jpeg,.jbig2,.jb2,.PNG,.PDF,.JPG,.JPE
G,.JBIG2,.JB2,.eps]
(grfext)             \AppendGraphicsExtensions on input line 452.

(/usr/local/texlive/2013/texmf-dist/tex/latex/latexconfig/epstopdf-sys.cfg
File: epstopdf-sys.cfg 2010/07/13 v1.3 Configuration of (r)epstopdf for TeX Liv
e
))
Package biblatex Info: No input encoding detected.
(biblatex)             Assuming 'ascii'.
Package biblatex Info: Automatic encoding selection.
(biblatex)             Assuming data encoding 'ascii'.
\openout3 = `CT_Pipeline_Template-blx.bib'.

Package biblatex Info: Trying to load bibliographic data...
Package biblatex Info: ... file 'CT_Pipeline_Template.bbl' found.

(./CT_Pipeline_Template.bbl)
Package biblatex Info: Reference section=0 on input line 112.
Package biblatex Info: Reference segment=0 on input line 112.
Package caption Info: Begin \AtBeginDocument code.
Package caption Info: subfig package v1.3 is loaded.
Package caption Info: hyperref package is loaded.
Package caption Info: End \AtBeginDocument code.
\AtBeginShipoutBox=\box31
Package hyperref Info: Link coloring OFF on input line 112.

(/usr/local/texlive/2013/texmf-dist/tex/latex/hyperref/nameref.sty
Package: nameref 2012/10/27 v2.43 Cross-referencing by name of section

(/usr/local/texlive/2013/texmf-dist/tex/generic/oberdiek/gettitlestring.sty
Package: gettitlestring 2010/12/03 v1.4 Cleanup title references (HO)
)
\c@section@level=\count286
)
LaTeX Info: Redefining \ref on input line 112.
LaTeX Info: Redefining \pageref on input line 112.
LaTeX Info: Redefining \nameref on input line 112.

(./CT_Pipeline_Template.out) (./CT_Pipeline_Template.out)
\@outlinefile=\write4
\openout4 = `CT_Pipeline_Template.out'.

LaTeX Font Info:    Try loading font information for U+msa on input line 119.

(/usr/local/texlive/2013/texmf-dist/tex/latex/amsfonts/umsa.fd
File: umsa.fd 2013/01/14 v3.01 AMS symbols A
)
LaTeX Font Info:    Try loading font information for U+msb on input line 119.

(/usr/local/texlive/2013/texmf-dist/tex/latex/amsfonts/umsb.fd
File: umsb.fd 2013/01/14 v3.01 AMS symbols B
) [1{/usr/local/texlive/2013/texmf-var/fonts/map/pdftex/updmap/pdftex.map}

] [2]
Missing character: There is no â in font cmr10!
Missing character: There is no ‰ in font cmr10!
Missing character: There is no ¤ in font cmr10!
 [3] [4] [5]
[6] [7] [8] [9] [10] [11]
Missing character: There is no â in font cmr10!
Missing character: There is no € in font cmr10!
Missing character: There is no š in font cmr10!
Missing character: There is no Ã in font cmr10!
Missing character: There is no „ in font cmr10!
Missing character: There is no Ã in font cmr10!
Missing character: There is no ¬ in font cmr10!
Missing character: There is no â in font cmr10!
Missing character: There is no ˆ in font cmr10!
Missing character: There is no š in font cmr10!
Missing character: There is no â in font cmr10!
Missing character: There is no ˆ in font cmr10!
Missing character: There is no ‚ in font cmr10!
Missing character: There is no â in font cmr10!
Missing character: There is no € in font cmr10!
Missing character: There is no š in font cmr10!
Missing character: There is no Ã in font cmr10!
Missing character: There is no „ in font cmr10!
Missing character: There is no Ã in font cmr10!
Missing character: There is no ´ in font cmr10!
Missing character: There is no â in font cmr10!
Missing character: There is no € in font cmr10!
Missing character: There is no š in font cmr10!
Missing character: There is no Ã in font cmr10!
Missing character: There is no „ in font cmr10!
Missing character: There is no Ã in font cmr10!
Missing character: There is no ® in font cmr10!
Missing character: There is no Â in font cmr10!
Missing character: There is no ¬ in font cmr10!
Missing character: There is no â in font cmr10!
Missing character: There is no € in font cmr10!
Missing character: There is no   in font cmr10!
 [12]
Missing character: There is no â in font cmr10!
Missing character: There is no € in font cmr10!
Missing character: There is no š in font cmr10!
Missing character: There is no Ã in font cmr10!
Missing character: There is no „ in font cmr10!
Missing character: There is no Ã in font cmr10!
Missing character: There is no ¬ in font cmr10!
Missing character: There is no â in font cmr10!
Missing character: There is no ˆ in font cmr10!
Missing character: There is no š in font cmr10!
Missing character: There is no Â in font cmr10!
Missing character: There is no ® in font cmr10!
Missing character: There is no â in font cmr10!
Missing character: There is no € in font cmr10!
Missing character: There is no š in font cmr10!
Missing character: There is no Ã in font cmr10!
Missing character: There is no „ in font cmr10!
Missing character: There is no Ã in font cmr10!
Missing character: There is no ¬ in font cmr10!
 [13]
Missing character: There is no â in font cmr10!
Missing character: There is no € in font cmr10!
Missing character: There is no š in font cmr10!
Missing character: There is no Ã in font cmr10!
Missing character: There is no „ in font cmr10!
Missing character: There is no Ã in font cmr10!
Missing character: There is no ¬ in font cmr10!
Missing character: There is no â in font cmr10!
Missing character: There is no € in font cmr10!
Missing character: There is no š in font cmr10!
Missing character: There is no Ã in font cmr10!
Missing character: There is no „ in font cmr10!
Missing character: There is no Ã in font cmr10!
Missing character: There is no ¬ in font cmr10!
 [14] (./demographics.tex)
(./nihss_measures.tex) (./gcs_measures.tex) [15] (./Beta_Table.tex
Overfull \hbox (44.6167pt too wide) in paragraph at lines 5--21
 [][] 
 []

) (./breakdown.tex) (./area_breakdown.tex) [16] [17] [18]
<histdem.pdf, id=423, 433.62pt x 325.215pt>
File: histdem.pdf Graphic file (type pdf)
 <use histdem.pdf>
Package pdftex.def Info: histdem.pdf used on input line 620.
(pdftex.def)             Requested size: 433.61894pt x 325.2142pt.

<100-318_20070723_0957_CT_3_CT_Head-_SS_Mask_0.01.png, id=424, 481.8pt x 481.8p
t>
File: 100-318_20070723_0957_CT_3_CT_Head-_SS_Mask_0.01.png Graphic file (type p
ng)
 <use 100-318_20070723_0957_CT_3_CT_Head-_SS_Mask_0.01.png>
Package pdftex.def Info: 100-318_20070723_0957_CT_3_CT_Head-_SS_Mask_0.01.png u
sed on input line 631.
(pdftex.def)             Requested size: 218.51521pt x 218.51358pt.

<100-318_20070723_0957_CT_3_CT_Head-_SS_0.01.png, id=425, 481.8pt x 481.8pt>
File: 100-318_20070723_0957_CT_3_CT_Head-_SS_0.01.png Graphic file (type png)

<use 100-318_20070723_0957_CT_3_CT_Head-_SS_0.01.png>
Package pdftex.def Info: 100-318_20070723_0957_CT_3_CT_Head-_SS_0.01.png used o
n input line 636.
(pdftex.def)             Requested size: 218.51521pt x 218.51358pt.
 [19

 <./histdem.pdf>]
<native_100-362_20100126_1926_CT_2_CT_ROUTINE.png, id=442, 481.8pt x 481.8pt>
File: native_100-362_20100126_1926_CT_2_CT_ROUTINE.png Graphic file (type png)

<use native_100-362_20100126_1926_CT_2_CT_ROUTINE.png>
Package pdftex.def Info: native_100-362_20100126_1926_CT_2_CT_ROUTINE.png used 
on input line 648.
(pdftex.def)             Requested size: 141.12454pt x 141.12259pt.

<raw_spm_100-362_20100126_1926_CT_2_CT_ROUTINE.png, id=443, 481.8pt x 481.8pt>
File: raw_spm_100-362_20100126_1926_CT_2_CT_ROUTINE.png Graphic file (type png)


<use raw_spm_100-362_20100126_1926_CT_2_CT_ROUTINE.png>
Package pdftex.def Info: raw_spm_100-362_20100126_1926_CT_2_CT_ROUTINE.png used
 on input line 653.
(pdftex.def)             Requested size: 141.12454pt x 141.12259pt.

<roi_spm_100-362_20100126_1926_CT_2_CT_ROUTINE.png, id=446, 481.8pt x 481.8pt>
File: roi_spm_100-362_20100126_1926_CT_2_CT_ROUTINE.png Graphic file (type png)


<use roi_spm_100-362_20100126_1926_CT_2_CT_ROUTINE.png>
Package pdftex.def Info: roi_spm_100-362_20100126_1926_CT_2_CT_ROUTINE.png used
 on input line 658.
(pdftex.def)             Requested size: 141.12454pt x 141.12259pt.

<native_191-301_20060201_1148_CT_2_CT_ROUTINE.png, id=447, 481.8pt x 481.8pt>
File: native_191-301_20060201_1148_CT_2_CT_ROUTINE.png Graphic file (type png)

<use native_191-301_20060201_1148_CT_2_CT_ROUTINE.png>
Package pdftex.def Info: native_191-301_20060201_1148_CT_2_CT_ROUTINE.png used 
on input line 678.
(pdftex.def)             Requested size: 141.12454pt x 141.12259pt.

<raw_spm_191-301_20060201_1148_CT_2_CT_ROUTINE.png, id=448, 481.8pt x 481.8pt>
File: raw_spm_191-301_20060201_1148_CT_2_CT_ROUTINE.png Graphic file (type png)


<use raw_spm_191-301_20060201_1148_CT_2_CT_ROUTINE.png>
Package pdftex.def Info: raw_spm_191-301_20060201_1148_CT_2_CT_ROUTINE.png used
 on input line 683.
(pdftex.def)             Requested size: 141.12454pt x 141.12259pt.

<roi_spm_191-301_20060201_1148_CT_2_CT_ROUTINE.png, id=451, 481.8pt x 481.8pt>
File: roi_spm_191-301_20060201_1148_CT_2_CT_ROUTINE.png Graphic file (type png)


<use roi_spm_191-301_20060201_1148_CT_2_CT_ROUTINE.png>
Package pdftex.def Info: roi_spm_191-301_20060201_1148_CT_2_CT_ROUTINE.png used
 on input line 688.
(pdftex.def)             Requested size: 141.12454pt x 141.12259pt.
 [20 <./100-318_20070723_0957_CT_3_CT_Head-_SS_Mask_0.01.png (PNG copy)> <./100
-318_20070723_0957_CT_3_CT_Head-_SS_0.01.png (PNG copy)>]
<reoriented_Binary_Sum_Image_histogram.pdf, id=478, 505.89pt x 505.89pt>
File: reoriented_Binary_Sum_Image_histogram.pdf Graphic file (type pdf)

<use reoriented_Binary_Sum_Image_histogram.pdf>
Package pdftex.def Info: reoriented_Binary_Sum_Image_histogram.pdf used on inpu
t line 701.
(pdftex.def)             Requested size: 218.51521pt x 218.51651pt.

<Figure4_Proportion.png, id=479, 505.89pt x 505.89pt>
File: Figure4_Proportion.png Graphic file (type png)

<use Figure4_Proportion.png>
Package pdftex.def Info: Figure4_Proportion.png used on input line 706.
(pdftex.def)             Requested size: 218.51521pt x 218.51651pt.
 [21 <./native_100-362_20100126_1926_CT_2_CT_ROUTINE.png (PNG copy)> <./raw_spm
_100-362_20100126_1926_CT_2_CT_ROUTINE.png (PNG copy)> <./roi_spm_100-362_20100
126_1926_CT_2_CT_ROUTINE.png (PNG copy)> <./native_191-301_20060201_1148_CT_2_C
T_ROUTINE.png (PNG copy)> <./raw_spm_191-301_20060201_1148_CT_2_CT_ROUTINE.png 
(PNG copy)> <./roi_spm_191-301_20060201_1148_CT_2_CT_ROUTINE.png (PNG copy)>]
<Regression_Map_heatcol1_t1.png, id=490, 505.89pt x 505.89pt>
File: Regression_Map_heatcol1_t1.png Graphic file (type png)

<use Regression_Map_heatcol1_t1.png>
Package pdftex.def Info: Regression_Map_heatcol1_t1.png used on input line 799.

(pdftex.def)             Requested size: 141.12454pt x 141.12332pt.

<Regression_Map_heatcol2_t1.png, id=491, 505.89pt x 505.89pt>
File: Regression_Map_heatcol2_t1.png Graphic file (type png)

<use Regression_Map_heatcol2_t1.png>
Package pdftex.def Info: Regression_Map_heatcol2_t1.png used on input line 804.

(pdftex.def)             Requested size: 141.12454pt x 141.12332pt.

<Regression_Map_heatcol3_t1.png, id=492, 505.89pt x 505.89pt>
File: Regression_Map_heatcol3_t1.png Graphic file (type png)

<use Regression_Map_heatcol3_t1.png>
Package pdftex.def Info: Regression_Map_heatcol3_t1.png used on input line 809.

(pdftex.def)             Requested size: 141.12454pt x 141.12332pt.

<Regression_Map_heatcol4_t1.png, id=493, 505.89pt x 505.89pt>
File: Regression_Map_heatcol4_t1.png Graphic file (type png)

<use Regression_Map_heatcol4_t1.png>
Package pdftex.def Info: Regression_Map_heatcol4_t1.png used on input line 814.

(pdftex.def)             Requested size: 141.12454pt x 141.12332pt.

<Regression_Map_heatcol5_t1.png, id=494, 505.89pt x 505.89pt>
File: Regression_Map_heatcol5_t1.png Graphic file (type png)

<use Regression_Map_heatcol5_t1.png>
Package pdftex.def Info: Regression_Map_heatcol5_t1.png used on input line 819.

(pdftex.def)             Requested size: 141.12454pt x 141.12332pt.

<Regression_Map_heatcol6_t1.png, id=495, 505.89pt x 505.89pt>
File: Regression_Map_heatcol6_t1.png Graphic file (type png)

<use Regression_Map_heatcol6_t1.png>
Package pdftex.def Info: Regression_Map_heatcol6_t1.png used on input line 824.

(pdftex.def)             Requested size: 141.12454pt x 141.12332pt.
 [22 <./reoriented_Binary_Sum_Image_histogram.pdf> <./Figure4_Proportion.png (P
NG copy)>]
<Top_19047_pvalues.png, id=517, 481.8pt x 481.8pt>
File: Top_19047_pvalues.png Graphic file (type png)
 <use Top_19047_pvalues.png>
Package pdftex.def Info: Top_19047_pvalues.png used on input line 839.
(pdftex.def)             Requested size: 218.51521pt x 218.51358pt.

<GCS_Top_1000_pvalues.png, id=518, 481.8pt x 481.8pt>
File: GCS_Top_1000_pvalues.png Graphic file (type png)

<use GCS_Top_1000_pvalues.png>
Package pdftex.def Info: GCS_Top_1000_pvalues.png used on input line 844.
(pdftex.def)             Requested size: 218.51521pt x 218.51358pt.

<Regress_ROI_NIHSS_Best_Model.png, id=519, 505.89pt x 505.89pt>
File: Regress_ROI_NIHSS_Best_Model.png Graphic file (type png)

<use Regress_ROI_NIHSS_Best_Model.png>
Package pdftex.def Info: Regress_ROI_NIHSS_Best_Model.png used on input line 85
0.
(pdftex.def)             Requested size: 218.51521pt x 218.51651pt.

<Regress_ROI_GCS_Best_Model.png, id=522, 505.89pt x 505.89pt>
File: Regress_ROI_GCS_Best_Model.png Graphic file (type png)

<use Regress_ROI_GCS_Best_Model.png>
Package pdftex.def Info: Regress_ROI_GCS_Best_Model.png used on input line 855.

(pdftex.def)             Requested size: 218.51521pt x 218.51651pt.
 [23 <./Regression_Map_heatcol1_t1.png (PNG copy)> <./Regression_Map_heatcol2_t
1.png (PNG copy)> <./Regression_Map_heatcol3_t1.png (PNG copy)> <./Regression_M
ap_heatcol4_t1.png (PNG copy)> <./Regression_Map_heatcol5_t1.png (PNG copy)> <.
/Regression_Map_heatcol6_t1.png (PNG copy)>]
Overfull \vbox (25.52219pt too high) has occurred while \output is active []


[24 <./Top_19047_pvalues.png (PNG copy)> <./GCS_Top_1000_pvalues.png (PNG copy)
> <./Regress_ROI_NIHSS_Best_Model.png> <./Regress_ROI_GCS_Best_Model.png>]
<GCS_Regression_Map_heatcol1_t1.png, id=554, 505.89pt x 505.89pt>
File: GCS_Regression_Map_heatcol1_t1.png Graphic file (type png)

<use GCS_Regression_Map_heatcol1_t1.png>
Package pdftex.def Info: GCS_Regression_Map_heatcol1_t1.png used on input line 
907.
(pdftex.def)             Requested size: 141.12454pt x 141.12332pt.

<GCS_Regression_Map_heatcol2_t1.png, id=555, 505.89pt x 505.89pt>
File: GCS_Regression_Map_heatcol2_t1.png Graphic file (type png)

<use GCS_Regression_Map_heatcol2_t1.png>
Package pdftex.def Info: GCS_Regression_Map_heatcol2_t1.png used on input line 
912.
(pdftex.def)             Requested size: 141.12454pt x 141.12332pt.

<GCS_Regression_Map_heatcol3_t1.png, id=556, 505.89pt x 505.89pt>
File: GCS_Regression_Map_heatcol3_t1.png Graphic file (type png)

<use GCS_Regression_Map_heatcol3_t1.png>
Package pdftex.def Info: GCS_Regression_Map_heatcol3_t1.png used on input line 
917.
(pdftex.def)             Requested size: 141.12454pt x 141.12332pt.

<GCS_Regression_Map_heatcol4_t1.png, id=557, 505.89pt x 505.89pt>
File: GCS_Regression_Map_heatcol4_t1.png Graphic file (type png)

<use GCS_Regression_Map_heatcol4_t1.png>
Package pdftex.def Info: GCS_Regression_Map_heatcol4_t1.png used on input line 
922.
(pdftex.def)             Requested size: 141.12454pt x 141.12332pt.

<GCS_Regression_Map_heatcol5_t1.png, id=558, 505.89pt x 505.89pt>
File: GCS_Regression_Map_heatcol5_t1.png Graphic file (type png)

<use GCS_Regression_Map_heatcol5_t1.png>
Package pdftex.def Info: GCS_Regression_Map_heatcol5_t1.png used on input line 
927.
(pdftex.def)             Requested size: 141.12454pt x 141.12332pt.

<GCS_Regression_Map_heatcol6_t1.png, id=559, 505.89pt x 505.89pt>
File: GCS_Regression_Map_heatcol6_t1.png Graphic file (type png)

<use GCS_Regression_Map_heatcol6_t1.png>
Package pdftex.def Info: GCS_Regression_Map_heatcol6_t1.png used on input line 
932.
(pdftex.def)             Requested size: 141.12454pt x 141.12332pt.
Package atveryend Info: Empty hook `BeforeClearDocument' on input line 939.
 [25 <./GCS_Regression_Map_heatcol1_t1.png (PNG copy)> <./GCS_Regression_Map_he
atcol2_t1.png (PNG copy)> <./GCS_Regression_Map_heatcol3_t1.png (PNG copy)> <./
GCS_Regression_Map_heatcol4_t1.png (PNG copy)> <./GCS_Regression_Map_heatcol5_t
1.png (PNG copy)> <./GCS_Regression_Map_heatcol6_t1.png (PNG copy)>]
Package atveryend Info: Empty hook `AfterLastShipout' on input line 939.
 (./CT_Pipeline_Template.aux)
Package atveryend Info: Executing hook `AtVeryEndDocument' on input line 939.
Package atveryend Info: Executing hook `AtEndAfterFileList' on input line 939.
Package rerunfilecheck Info: File `CT_Pipeline_Template.out' has not changed.
(rerunfilecheck)             Checksum: E8F60C7D728C685718843CEC506B8F34;2045.
Package logreq Info: Writing requests to 'CT_Pipeline_Template.run.xml'.
\openout1 = `CT_Pipeline_Template.run.xml'.

 ) 
Here is how much of TeX's memory you used:
 12764 strings out of 493308
 208362 string characters out of 6137816
 500838 words of memory out of 5000000
 15887 multiletter control sequences out of 15000+600000
 11301 words of font info for 44 fonts, out of 8000000 for 9000
 957 hyphenation exceptions out of 8191
 37i,11n,56p,1438b,1079s stack positions out of 5000i,500n,10000p,200000b,80000s
</usr/local/texlive/2013/texmf-dist/fonts/type1/public/amsfonts/cm/cmbx10.pfb
></usr/local/texlive/2013/texmf-dist/fonts/type1/public/amsfonts/cm/cmbx12.pfb>
</usr/local/texlive/2013/texmf-dist/fonts/type1/public/amsfonts/cm/cmbx8.pfb></
usr/local/texlive/2013/texmf-dist/fonts/type1/public/amsfonts/cm/cmex10.pfb></u
sr/local/texlive/2013/texmf-dist/fonts/type1/public/amsfonts/cm/cmmi10.pfb></us
r/local/texlive/2013/texmf-dist/fonts/type1/public/amsfonts/cm/cmmi5.pfb></usr/
local/texlive/2013/texmf-dist/fonts/type1/public/amsfonts/cm/cmmi7.pfb></usr/lo
cal/texlive/2013/texmf-dist/fonts/type1/public/amsfonts/cm/cmmi8.pfb></usr/loca
l/texlive/2013/texmf-dist/fonts/type1/public/amsfonts/cm/cmr10.pfb></usr/local/
texlive/2013/texmf-dist/fonts/type1/public/amsfonts/cm/cmr6.pfb></usr/local/tex
live/2013/texmf-dist/fonts/type1/public/amsfonts/cm/cmr7.pfb></usr/local/texliv
e/2013/texmf-dist/fonts/type1/public/amsfonts/cm/cmr8.pfb></usr/local/texlive/2
013/texmf-dist/fonts/type1/public/amsfonts/cm/cmsl10.pfb></usr/local/texlive/20
13/texmf-dist/fonts/type1/public/amsfonts/cm/cmsy10.pfb></usr/local/texlive/201
3/texmf-dist/fonts/type1/public/amsfonts/cm/cmsy7.pfb></usr/local/texlive/2013/
texmf-dist/fonts/type1/public/amsfonts/cm/cmsy8.pfb></usr/local/texlive/2013/te
xmf-dist/fonts/type1/public/amsfonts/cm/cmti10.pfb></usr/local/texlive/2013/tex
mf-dist/fonts/type1/public/amsfonts/cm/cmtt10.pfb></usr/local/texlive/2013/texm
f-dist/fonts/type1/public/amsfonts/cm/cmtt8.pfb>
Output written on CT_Pipeline_Template.pdf (25 pages, 4161928 bytes).
PDF statistics:
 677 PDF objects out of 1000 (max. 8388607)
 557 compressed objects within 6 object streams
 147 named destinations out of 1000 (max. 500000)
 352 words of extra memory for PDF output out of 10000 (max. 10000000)

