\BOOKMARK [1][-]{section.1}{Introduction}{}% 1
\BOOKMARK [1][-]{section.2}{Materials and Methods}{}% 2
\BOOKMARK [2][-]{subsection.2.1}{Subjects and Demographics}{section.2}% 3
\BOOKMARK [2][-]{subsection.2.2}{Imaging Data}{section.2}% 4
\BOOKMARK [2][-]{subsection.2.3}{Hemorrhage Segmentation and Location Identification}{section.2}% 5
\BOOKMARK [2][-]{subsection.2.4}{Image Processing: Brain Extraction, Reorientation, Registration}{section.2}% 6
\BOOKMARK [2][-]{subsection.2.5}{Assessing Registration}{section.2}% 7
\BOOKMARK [2][-]{subsection.2.6}{Histograms of ICH in the Brain}{section.2}% 8
\BOOKMARK [2][-]{subsection.2.7}{Prediction of Functional Score Based on Hemorrhage Location}{section.2}% 9
\BOOKMARK [3][-]{subsubsection.2.7.1}{Region of Interest Generation and Analysis}{subsection.2.7}% 10
\BOOKMARK [2][-]{subsection.2.8}{ICH Localization and Engagement}{section.2}% 11
\BOOKMARK [1][-]{section.3}{Results}{}% 12
\BOOKMARK [2][-]{subsection.3.1}{Image Registration}{section.3}% 13
\BOOKMARK [2][-]{subsection.3.2}{Histograms of ICH in the Brain}{section.3}% 14
\BOOKMARK [2][-]{subsection.3.3}{Prediction of Functional Score Based on Hemorrhage Location}{section.3}% 15
\BOOKMARK [3][-]{subsubsection.3.3.1}{Region of Interest Analysis}{subsection.3.3}% 16
\BOOKMARK [3][-]{subsubsection.3.3.2}{ICH Localization and Engagement}{subsection.3.3}% 17
\BOOKMARK [1][-]{section.4}{Discussion}{}% 18
\BOOKMARK [2][-]{subsection.4.1}{Semi-Automated Localization of ICH}{section.4}% 19
\BOOKMARK [2][-]{subsection.4.2}{Voxel-wise Analysis of Functional Scores}{section.4}% 20
\BOOKMARK [2][-]{subsection.4.3}{Region of Interest Analysis}{section.4}% 21
\BOOKMARK [2][-]{subsection.4.4}{Limitations}{section.4}% 22
\BOOKMARK [2][-]{subsection.4.5}{Extensions of Analysis and Future Work }{section.4}% 23
\BOOKMARK [1][-]{section.5}{Funding and Disclosures}{}% 24
\BOOKMARK [1][-]{section.6}{Tables}{}% 25
\BOOKMARK [1][-]{section.7}{Figure Legends}{}% 26
\BOOKMARK [1][-]{section.8}{Supplemental Material}{}% 27
